library/iOSAppsNewsProvider/build/intermediates/manifest_merge_blame_file/debug/manifest-merger-blame-debug-report.txt
1<?xml version="1.0" encoding="utf-8"?>
2<manifest xmlns:android="http://schemas.android.com/apk/res/android"
3    package="com.amz.ios.newssource" >
4
5    <uses-sdk
6        android:minSdkVersion="26"
6-->src\main\AndroidManifest.xml
7        android:targetSdkVersion="34" />
7-->src\main\AndroidManifest.xml
8
9    <application
9-->src\main\AndroidManifest.xml:4:5-66:19
10        android:allowBackup="true"
10-->src\main\AndroidManifest.xml:5:9-35
11        android:supportsRtl="true" >
11-->src\main\AndroidManifest.xml:6:9-35
12        <receiver
12-->src\main\AndroidManifest.xml:8:9-12:20
13            android:name="com.amz.newspage.newssource.LanguageBroadcastReceiver"
13-->src\main\AndroidManifest.xml:8:43-111
14            android:exported="true" >
14-->src\main\AndroidManifest.xml:8:19-42
15            <intent-filter>
15-->src\main\AndroidManifest.xml:9:13-11:29
16                <action android:name="android.intent.action.LOCALE_CHANGED" />
16-->src\main\AndroidManifest.xml:10:17-86
16-->src\main\AndroidManifest.xml:10:25-76
17            </intent-filter>
18        </receiver>
19        <!-- Start Infohub -->
20        <!-- Start of Flurry Permission -->
21        <activity android:name="com.flurry.android.FlurryFullscreenTakeoverActivity" />
21-->src\main\AndroidManifest.xml:15:9-88
21-->src\main\AndroidManifest.xml:15:19-85
22
23        <!-- End of Flurry Permission -->
24        <!-- AdZodiac: add this declarations -->
25        <activity
25-->src\main\AndroidManifest.xml:19:9-21:77
26            android:name="com.adzodiac.mobileads.AdZodiacActivity"
26-->src\main\AndroidManifest.xml:20:13-67
27            android:configChanges="keyboardHidden|orientation|screenSize" />
27-->src\main\AndroidManifest.xml:21:13-74
28        <activity
28-->src\main\AndroidManifest.xml:22:9-24:77
29            android:name="com.adzodiac.mobileads.MraidActivity"
29-->src\main\AndroidManifest.xml:23:13-64
30            android:configChanges="keyboardHidden|orientation|screenSize" />
30-->src\main\AndroidManifest.xml:24:13-74
31        <activity
31-->src\main\AndroidManifest.xml:25:9-27:77
32            android:name="com.adzodiac.common.AdZodiacBrowser"
32-->src\main\AndroidManifest.xml:26:13-63
33            android:configChanges="keyboardHidden|orientation|screenSize" />
33-->src\main\AndroidManifest.xml:27:13-74
34        <activity
34-->src\main\AndroidManifest.xml:28:9-30:77
35            android:name="com.adzodiac.mobileads.MraidVideoPlayerActivity"
35-->src\main\AndroidManifest.xml:29:13-75
36            android:configChanges="keyboardHidden|orientation|screenSize" />
36-->src\main\AndroidManifest.xml:30:13-74
37        <activity
37-->src\main\AndroidManifest.xml:31:9-33:77
38            android:name="com.adzodiac.mobileads.RewardedMraidActivity"
38-->src\main\AndroidManifest.xml:32:13-72
39            android:configChanges="keyboardHidden|orientation|screenSize" />
39-->src\main\AndroidManifest.xml:33:13-74
40        <!-- AdZodiac: end -->
41        <activity
41-->src\main\AndroidManifest.xml:35:9-39:75
42            android:name="com.inmobi.rendering.InMobiAdActivity"
42-->src\main\AndroidManifest.xml:36:13-65
43            android:configChanges="keyboardHidden|orientation|keyboard|smallestScreenSize|screenSize"
43-->src\main\AndroidManifest.xml:37:13-102
44            android:hardwareAccelerated="true"
44-->src\main\AndroidManifest.xml:38:13-47
45            android:theme="@android:style/Theme.Translucent.NoTitleBar" />
45-->src\main\AndroidManifest.xml:39:13-72
46        <activity
46-->src\main\AndroidManifest.xml:40:9-42:125
47            android:name="com.google.android.gms.ads.AdActivity"
47-->src\main\AndroidManifest.xml:41:13-65
48            android:configChanges="keyboard|keyboardHidden|orientation|screenLayout|uiMode|screenSize|smallestScreenSize" />
48-->src\main\AndroidManifest.xml:42:13-122
49        <activity
49-->src\main\AndroidManifest.xml:43:9-45:77
50            android:name="com.facebook.ads.InterstitialAdActivity"
50-->src\main\AndroidManifest.xml:44:13-67
51            android:configChanges="keyboardHidden|orientation|screenSize" />
51-->src\main\AndroidManifest.xml:45:13-74
52
53        <meta-data
53-->src\main\AndroidManifest.xml:47:9-49:69
54            android:name="com.google.android.gms.version"
54-->src\main\AndroidManifest.xml:48:13-58
55            android:value="@integer/google_play_services_version" />
55-->src\main\AndroidManifest.xml:49:13-66
56
57        <receiver
57-->src\main\AndroidManifest.xml:51:9-58:20
58            android:name="com.inmobi.commons.core.utilities.uid.ImIdShareBroadCastReceiver"
58-->src\main\AndroidManifest.xml:52:13-92
59            android:enabled="true"
59-->src\main\AndroidManifest.xml:53:13-35
60            android:exported="true" >
60-->src\main\AndroidManifest.xml:54:13-36
61            <intent-filter>
61-->src\main\AndroidManifest.xml:55:13-57:29
62                <action android:name="com.inmobi.share.id" />
62-->src\main\AndroidManifest.xml:56:17-62
62-->src\main\AndroidManifest.xml:56:25-59
63            </intent-filter>
64        </receiver>
65
66        <activity
66-->src\main\AndroidManifest.xml:60:9-64:76
67            android:name="com.idroi.infohub.fragments.news.NewsWebActivity"
67-->src\main\AndroidManifest.xml:61:13-76
68            android:configChanges="keyboardHidden|orientation|screenSize"
68-->src\main\AndroidManifest.xml:64:13-74
69            android:process=":webview"
69-->src\main\AndroidManifest.xml:62:13-39
70            android:theme="@style/IOSNewsTheme" />
70-->src\main\AndroidManifest.xml:63:13-48
71        <!-- End Infohub -->
72    </application>
73
74</manifest>